INFO 2025-05-27 23:02:54,113 serializers 32416 11400 开始创建病例，输入数据: {'identity': '350583200406223779', 'opd_id': '1', 'inhospital_id': '2', 'name': '谢荣攀', 'gender': 1, 'birth_date': datetime.date(2004, 5, 27), 'phone_number': '15294568716', 'home_address': '福建省厦门市集美区集美大学本部第五社区4号楼701', 'blood_type': 'O型', 'main_diagnosis': '健康', 'archive_codes': [5]}
INFO 2025-05-27 23:02:54,122 serializers 32416 11400 生成的病例编号: C000001
INFO 2025-05-27 23:02:54,122 serializers 32416 11400 处理患者信息，身份证号: 350583200406223779
INFO 2025-05-27 23:02:54,125 serializers 32416 11400 找到现有患者记录: 谢荣攀
INFO 2025-05-27 23:02:54,129 serializers 32416 11400 患者信息已更新
INFO 2025-05-27 23:02:54,130 serializers 32416 11400 准备创建病例记录
DEBUG 2025-05-27 23:02:54,130 serializers 32416 11400 创建病例的数据: {'opd_id': '1', 'inhospital_id': '2', 'name': '谢荣攀', 'gender': 1, 'birth_date': datetime.date(2004, 5, 27), 'phone_number': '15294568716', 'home_address': '福建省厦门市集美区集美大学本部第五社区4号楼701', 'blood_type': 'O型', 'main_diagnosis': '健康', 'case_code': 'C000001', 'identity': <Identity: 谢荣攀 (350583200406223779)>}
ERROR 2025-05-27 23:02:54,133 serializers 32416 11400 创建病例时发生完整性错误: (1048, "Column 'id' cannot be null")
INFO 2025-05-27 23:05:51,702 serializers 9020 24904 开始创建病例，输入数据: {'identity': '350583200406223779', 'opd_id': '1', 'inhospital_id': '2', 'name': '谢荣攀', 'gender': 1, 'birth_date': datetime.date(2004, 5, 27), 'phone_number': '15294568716', 'home_address': '福建省厦门市集美区集美大学本部第五社区4号楼701', 'blood_type': 'O型', 'main_diagnosis': '健康', 'archive_codes': [5]}
INFO 2025-05-27 23:05:51,730 serializers 9020 24904 生成的病例编号: C000001, ID: 582585267697881088
INFO 2025-05-27 23:05:51,734 serializers 9020 24904 处理患者信息，身份证号: 350583200406223779
INFO 2025-05-27 23:05:51,737 serializers 9020 24904 找到现有患者记录: 谢荣攀
INFO 2025-05-27 23:05:51,743 serializers 9020 24904 患者信息已更新
INFO 2025-05-27 23:05:51,749 serializers 9020 24904 准备创建病例记录
DEBUG 2025-05-27 23:05:51,749 serializers 9020 24904 创建病例的数据: {'opd_id': '1', 'inhospital_id': '2', 'name': '谢荣攀', 'gender': 1, 'birth_date': datetime.date(2004, 5, 27), 'phone_number': '15294568716', 'home_address': '福建省厦门市集美区集美大学本部第五社区4号楼701', 'blood_type': 'O型', 'main_diagnosis': '健康', 'case_code': 'C000001', 'id': 582585267697881088, 'identity': <Identity: 谢荣攀 (350583200406223779)>}
INFO 2025-05-27 23:06:03,859 serializers 9020 24904 开始创建病例，输入数据: {'identity': '350583200406223779', 'opd_id': '1', 'inhospital_id': '2', 'name': '谢荣攀', 'gender': 1, 'birth_date': datetime.date(2004, 5, 27), 'phone_number': '15294568716', 'home_address': '福建省厦门市集美区集美大学本部第五社区4号楼701', 'blood_type': 'O型', 'main_diagnosis': '健康', 'archive_codes': [5]}
INFO 2025-05-27 23:06:03,864 serializers 9020 24904 生成的病例编号: C000001, ID: 582585318591565824
INFO 2025-05-27 23:06:03,864 serializers 9020 24904 处理患者信息，身份证号: 350583200406223779
INFO 2025-05-27 23:06:03,867 serializers 9020 24904 找到现有患者记录: 谢荣攀
INFO 2025-05-27 23:06:03,870 serializers 9020 24904 患者信息已更新
INFO 2025-05-27 23:06:03,870 serializers 9020 24904 准备创建病例记录
DEBUG 2025-05-27 23:06:03,870 serializers 9020 24904 创建病例的数据: {'opd_id': '1', 'inhospital_id': '2', 'name': '谢荣攀', 'gender': 1, 'birth_date': datetime.date(2004, 5, 27), 'phone_number': '15294568716', 'home_address': '福建省厦门市集美区集美大学本部第五社区4号楼701', 'blood_type': 'O型', 'main_diagnosis': '健康', 'case_code': 'C000001', 'id': 582585318591565824, 'identity': <Identity: 谢荣攀 (350583200406223779)>}
INFO 2025-05-27 23:07:41,684 serializers 7960 34688 开始创建病例，输入数据: {'identity': '350583200406223779', 'opd_id': '1', 'inhospital_id': '2', 'name': '谢荣攀', 'gender': 1, 'birth_date': datetime.date(2004, 5, 27), 'phone_number': '15294568716', 'home_address': '福建省厦门市集美区集美大学本部第五社区4号楼701', 'blood_type': 'O型', 'main_diagnosis': '健康', 'archive_codes': [5]}
INFO 2025-05-27 23:07:41,694 serializers 7960 34688 生成的病例编号: C000001
INFO 2025-05-27 23:07:41,694 serializers 7960 34688 处理患者信息，身份证号: 350583200406223779
INFO 2025-05-27 23:07:41,699 serializers 7960 34688 找到现有患者记录: 谢荣攀
INFO 2025-05-27 23:07:41,703 serializers 7960 34688 患者信息已更新
INFO 2025-05-27 23:07:41,703 serializers 7960 34688 准备创建病例记录
DEBUG 2025-05-27 23:07:41,703 serializers 7960 34688 创建病例的数据: {'opd_id': '1', 'inhospital_id': '2', 'name': '谢荣攀', 'gender': 1, 'birth_date': datetime.date(2004, 5, 27), 'phone_number': '15294568716', 'home_address': '福建省厦门市集美区集美大学本部第五社区4号楼701', 'blood_type': 'O型', 'main_diagnosis': '健康', 'case_code': 'C000001', 'identity': <Identity: 谢荣攀 (350583200406223779)>}
ERROR 2025-05-27 23:07:41,706 serializers 7960 34688 创建病例时发生完整性错误: (1048, "Column 'id' cannot be null")
INFO 2025-05-27 23:08:37,189 serializers 18748 31924 开始创建病例，输入数据: {'identity': '350583200406223779', 'opd_id': '1', 'inhospital_id': '2', 'name': '谢荣攀', 'gender': 1, 'birth_date': datetime.date(2004, 5, 27), 'phone_number': '15294568716', 'home_address': '福建省厦门市集美区集美大学本部第五社区4号楼701', 'blood_type': 'O型', 'main_diagnosis': '健康', 'archive_codes': [5]}
INFO 2025-05-27 23:08:37,196 serializers 18748 31924 生成的病例编号: C000001
INFO 2025-05-27 23:08:37,196 serializers 18748 31924 处理患者信息，身份证号: 350583200406223779
INFO 2025-05-27 23:08:37,201 serializers 18748 31924 找到现有患者记录: 谢荣攀
INFO 2025-05-27 23:08:37,206 serializers 18748 31924 患者信息已更新
INFO 2025-05-27 23:08:37,206 serializers 18748 31924 准备创建病例记录
DEBUG 2025-05-27 23:08:37,206 serializers 18748 31924 创建病例的数据: {'opd_id': '1', 'inhospital_id': '2', 'name': '谢荣攀', 'gender': 1, 'birth_date': datetime.date(2004, 5, 27), 'phone_number': '15294568716', 'home_address': '福建省厦门市集美区集美大学本部第五社区4号楼701', 'blood_type': 'O型', 'main_diagnosis': '健康', 'case_code': 'C000001', 'identity': <Identity: 谢荣攀 (350583200406223779)>}
ERROR 2025-05-27 23:08:37,209 serializers 18748 31924 创建病例时发生完整性错误: (1364, "Field 'id' doesn't have a default value")
INFO 2025-05-27 23:09:16,114 serializers 18748 31924 开始创建病例，输入数据: {'identity': '350583200406223779', 'opd_id': '1', 'inhospital_id': '2', 'name': '谢荣攀', 'gender': 1, 'birth_date': datetime.date(2004, 5, 27), 'phone_number': '15294568716', 'home_address': '福建省厦门市集美区集美大学本部第五社区4号楼701', 'blood_type': 'O型', 'main_diagnosis': '健康', 'archive_codes': [5]}
INFO 2025-05-27 23:09:16,122 serializers 18748 31924 生成的病例编号: C000001
INFO 2025-05-27 23:09:16,122 serializers 18748 31924 处理患者信息，身份证号: 350583200406223779
INFO 2025-05-27 23:09:16,127 serializers 18748 31924 找到现有患者记录: 谢荣攀
INFO 2025-05-27 23:09:16,131 serializers 18748 31924 患者信息已更新
INFO 2025-05-27 23:09:16,131 serializers 18748 31924 准备创建病例记录
DEBUG 2025-05-27 23:09:16,131 serializers 18748 31924 创建病例的数据: {'opd_id': '1', 'inhospital_id': '2', 'name': '谢荣攀', 'gender': 1, 'birth_date': datetime.date(2004, 5, 27), 'phone_number': '15294568716', 'home_address': '福建省厦门市集美区集美大学本部第五社区4号楼701', 'blood_type': 'O型', 'main_diagnosis': '健康', 'case_code': 'C000001', 'identity': <Identity: 谢荣攀 (350583200406223779)>}
INFO 2025-05-27 23:09:16,140 serializers 18748 31924 病例创建成功: C000001
